\BOOKMARK [0][-]{chapter.1}{\376\377\000O\000\040\000d\000e\000s\000p\000e\000r\000t\000a\000r}{}% 1
\BOOKMARK [0][-]{chapter.2}{\376\377\000O\000\040\000c\000a\000t\000i\000v\000e\000i\000r\000o}{}% 2
\BOOKMARK [0][-]{chapter.3}{\376\377\000P\000a\000r\000a\000!\000\040\000E\000u\000\040\000p\000r\000e\000c\000i\000s\000o\000\040\000d\000e\000s\000c\000e\000r}{}% 3
\BOOKMARK [0][-]{chapter.4}{\376\377\000V\000i\000m\000\040\000t\000e\000\040\000b\000u\000s\000c\000a\000r}{}% 4
\BOOKMARK [0][-]{chapter.5}{\376\377\000E\000\040\000a\000g\000o\000r\000a\000?\000\040\000E\000m\000\040\000q\000u\000e\000\040\000d\000e\000v\000o\000\040\000a\000c\000r\000e\000d\000i\000t\000a\000r\000?}{}% 5
\BOOKMARK [0][-]{chapter.6}{\376\377\000L\000e\000v\000e\000\040\000s\000e\000u\000\040\000r\000e\000l\000\363\000g\000i\000o}{}% 6
\BOOKMARK [0][-]{chapter.7}{\376\377\000A\000\040\000e\000m\000b\000o\000s\000c\000a\000d\000a}{}% 7
\BOOKMARK [0][-]{chapter.8}{\376\377\000T\000u\000d\000o\000\040\000q\000u\000e\000\040\000p\000a\000r\000e\000c\000e\000\040\000\351\000?}{}% 8
\BOOKMARK [0][-]{chapter.9}{\376\377\000C\000o\000l\000a\000t\000e\000r\000a\000l}{}% 9
\BOOKMARK [0][-]{chapter.10}{\376\377\000V\000e\000s\000t\000i\000d\000o\000\040\000v\000e\000r\000m\000e\000l\000h\000o}{}% 10
\BOOKMARK [0][-]{chapter.11}{\376\377\000A\000\040\000m\000u\000l\000h\000e\000r\000\040\000s\000e\000m\000\040\000n\000o\000m\000e}{}% 11
\BOOKMARK [0][-]{chapter.12}{\376\377\000O\000\040\000v\000i\000l\000a\000r\000e\000j\000o\000\040\000e\000n\000c\000a\000n\000t\000a\000d\000o}{}% 12
\BOOKMARK [0][-]{chapter.13}{\376\377\000A\000\040\000c\000u\000l\000p\000a}{}% 13
\BOOKMARK [0][-]{chapter.14}{\376\377\000O\000\040\000t\000e\000l\000e\000c\000i\000n\000\351\000t\000i\000c\000o}{}% 14
\BOOKMARK [0][-]{chapter.15}{\376\377\000L\000a\000r\000i\000s\000s\000a}{}% 15
\BOOKMARK [0][-]{chapter.16}{\376\377\000C\000r\000i\000s\000p\000i\000m}{}% 16
\BOOKMARK [0][-]{chapter.17}{\376\377\000U\000n\000i\000n\000d\000o\000\040\000f\000o\000r\000\347\000a\000s}{}% 17
\BOOKMARK [0][-]{chapter.18}{\376\377\000D\000e\000s\000d\000o\000b\000r\000a\000d\000o}{}% 18
\BOOKMARK [0][-]{chapter.19}{\376\377\000A\000\040\000b\000u\000s\000c\000a}{}% 19
\BOOKMARK [0][-]{chapter.20}{\376\377\000D\000e\000s\000\040\000E\000n\000v\000o\000l\000v\000e\000n\000d\000o}{}% 20
\BOOKMARK [0][-]{chapter.21}{\376\377\000M\000a\000i\000s\000\040\000l\000e\000v\000e}{}% 21
\BOOKMARK [0][-]{chapter.22}{\376\377\000S\000e\000m\000p\000r\000e\000\040\000a\000q\000u\000i}{}% 22
\BOOKMARK [0][-]{chapter.23}{\376\377\000C\000o\000n\000t\000r\000a\000\040\000f\000o\000g\000o}{}% 23
\BOOKMARK [0][-]{chapter.24}{\376\377\000D\000o\000i\000s\000\040\000l\000a\000d\000o\000s}{}% 24
\BOOKMARK [0][-]{chapter.25}{\376\377\000C\000a\000i\000\040\000o\000\040\000v\000\351\000u}{}% 25
\BOOKMARK [0][-]{chapter.26}{\376\377\000S\000o\000z\000i\000n\000h\000o}{}% 26
\BOOKMARK [0][-]{chapter.27}{\376\377\000S\000a\000c\000r\000i\000f\000\355\000c\000i\000o\000s}{}% 27
\BOOKMARK [0][-]{chapter.28}{\376\377\000O\000\040\000p\000a\000s\000s\000a\000d\000o\000\040\000a\000\040\000q\000u\000e\000m\000\040\000p\000e\000r\000t\000e\000n\000c\000e\000?}{}% 28
\BOOKMARK [0][-]{chapter.29}{\376\377\000Q\000u\000e\000\040\000p\000l\000a\000n\000o\000\040\000\351\000\040\000e\000s\000s\000e\000?}{}% 29
\BOOKMARK [0][-]{chapter.30}{\376\377\000U\000m\000\040\000t\000e\000m\000p\000o\000\040\000s\000o\000z\000i\000n\000h\000o}{}% 30
\BOOKMARK [0][-]{chapter.31}{\376\377\000P\000i\000n\000t\000u\000r\000a\000\040\000m\000e\000n\000t\000a\000l}{}% 31
\BOOKMARK [0][-]{chapter.32}{\376\377\000U\000m\000a\000\040\000v\000i\000s\000i\000t\000a\000\040\000i\000n\000e\000s\000p\000e\000r\000a\000d\000a}{}% 32
\BOOKMARK [0][-]{chapter.33}{\376\377\000L\000u\000c\000i\000d\000e\000z}{}% 33
\BOOKMARK [0][-]{chapter.34}{\376\377\000T\000r\000a\000\355\000d\000o}{}% 34
\BOOKMARK [0][-]{chapter.35}{\376\377\000D\000e\000s\000c\000a\000r\000a\000d\000a\000m\000e\000n\000t\000e}{}% 35
\BOOKMARK [0][-]{chapter.36}{\376\377\000F\000r\000a\000g\000m\000e\000n\000t\000o\000s}{}% 36
\BOOKMARK [0][-]{chapter.37}{\376\377\000E\000p\000i\000f\000a\000n\000i\000a}{}% 37
\BOOKMARK [0][-]{chapter.38}{\376\377\000F\000a\000z\000\040\000s\000e\000n\000t\000i\000d\000o\000?}{}% 38
\BOOKMARK [0][-]{chapter.39}{\376\377\000E\000x\000p\000l\000o\000s\000\343\000o\000\040\000n\000o\000\040\000m\000e\000t\000r\000\364}{}% 39
\BOOKMARK [0][-]{chapter.40}{\376\377\000A\000\040\000r\000e\000s\000i\000s\000t\000\352\000n\000c\000i\000a}{}% 40
\BOOKMARK [0][-]{chapter.41}{\376\377\000S\000e\000m\000\040\000m\000o\000r\000a\000l}{}% 41
\BOOKMARK [0][-]{chapter.42}{\376\377\000C\000o\000m\000o\000\040\000c\000h\000e\000g\000a\000m\000o\000s\000\040\000a\000t\000\351\000\040\000a\000q\000u\000i}{}% 42
\BOOKMARK [0][-]{chapter.43}{\376\377\000P\000a\000n\000o\000s\000\040\000n\000o\000\040\000r\000o\000s\000t\000o}{}% 43
\BOOKMARK [0][-]{chapter.44}{\376\377\000A\000\040\000P\000r\000i\000n\000c\000e\000s\000a}{}% 44
\BOOKMARK [0][-]{chapter.45}{\376\377\000R\000e\000c\000o\000m\000e\000\347\000o}{}% 45
